[35m[1mScanning dependencies of target br2_battery_checker_bt_node[0m
[35m[1mScanning dependencies of target br2_patrol_bt_node[0m
[35m[1mScanning dependencies of target br2_track_objects_bt_node[0m
[35m[1mScanning dependencies of target br2_recharge_bt_node[0m
[35m[1mScanning dependencies of target patrolling_main[0m
[35m[1mScanning dependencies of target br2_move_bt_node[0m
[35m[1mScanning dependencies of target gtest[0m
[35m[1mScanning dependencies of target br2_get_waypoint_bt_node[0m
[  5%] [32mBuilding CXX object CMakeFiles/br2_recharge_bt_node.dir/src/br2_bt_patrolling/Recharge.cpp.o[0m
[ 10%] [32mBuilding CXX object gtest/CMakeFiles/gtest.dir/src/gtest-all.cc.o[0m
[ 15%] [32mBuilding CXX object CMakeFiles/patrolling_main.dir/src/patrolling_main.cpp.o[0m
[ 20%] [32mBuilding CXX object CMakeFiles/br2_patrol_bt_node.dir/src/br2_bt_patrolling/Patrol.cpp.o[0m
[ 25%] [32mBuilding CXX object CMakeFiles/br2_battery_checker_bt_node.dir/src/br2_bt_patrolling/BatteryChecker.cpp.o[0m
[ 30%] [32mBuilding CXX object CMakeFiles/br2_get_waypoint_bt_node.dir/src/br2_bt_patrolling/GetWaypoint.cpp.o[0m
[ 35%] [32mBuilding CXX object CMakeFiles/br2_move_bt_node.dir/src/br2_bt_patrolling/Move.cpp.o[0m
[ 40%] [32mBuilding CXX object CMakeFiles/br2_track_objects_bt_node.dir/src/br2_bt_patrolling/TrackObjects.cpp.o[0m
[ 45%] [32m[1mLinking CXX shared library libbr2_recharge_bt_node.so[0m
[ 45%] Built target br2_recharge_bt_node
[35m[1mScanning dependencies of target gtest_main[0m
[ 50%] [32mBuilding CXX object gtest/CMakeFiles/gtest_main.dir/src/gtest_main.cc.o[0m
[01m[Kc++:[m[K [01;31m[Kfatal error: [m[KKilled signal terminated program cc1plus
compilation terminated.
make[2]: *** [CMakeFiles/br2_patrol_bt_node.dir/build.make:63: CMakeFiles/br2_patrol_bt_node.dir/src/br2_bt_patrolling/Patrol.cpp.o] Error 1
make[1]: *** [CMakeFiles/Makefile2:347: CMakeFiles/br2_patrol_bt_node.dir/all] Error 2
make[1]: *** Waiting for unfinished jobs....
[ 55%] [32m[1mLinking CXX static library libgtest_main.a[0m
[ 55%] Built target gtest_main
[ 60%] [32m[1mLinking CXX executable patrolling_main[0m
[ 65%] [32m[1mLinking CXX shared library libbr2_get_waypoint_bt_node.so[0m
[ 70%] [32m[1mLinking CXX static library libgtest.a[0m
[ 70%] Built target gtest
[ 70%] Built target br2_get_waypoint_bt_node
[ 70%] Built target patrolling_main
[ 75%] [32m[1mLinking CXX shared library libbr2_track_objects_bt_node.so[0m
[ 75%] Built target br2_track_objects_bt_node
[ 80%] [32m[1mLinking CXX shared library libbr2_move_bt_node.so[0m
[ 80%] Built target br2_move_bt_node
[ 85%] [32m[1mLinking CXX shared library libbr2_battery_checker_bt_node.so[0m
[ 85%] Built target br2_battery_checker_bt_node
make: *** [Makefile:141: all] Error 2
