[0.304s] Invoking command in '/home/raul/bookros2_ws/build/twist_mux': CMAKE_PREFIX_PATH=/opt/ros/foxy /usr/bin/cmake /home/raul/bookros2_ws/src/ThirdParty/twist_mux -DAMENT_CMAKE_SYMLINK_INSTALL=1 -DCMAKE_INSTALL_PREFIX=/home/raul/bookros2_ws/install/twist_mux
[0.392s] -- The C compiler identification is GNU 9.4.0
[0.479s] -- The CXX compiler identification is GNU 9.4.0
[0.480s] -- Check for working C compiler: /usr/bin/cc
[0.620s] -- Check for working C compiler: /usr/bin/cc -- works
[0.620s] -- Detecting C compiler ABI info
[0.736s] -- Detecting C compiler ABI info - done
[0.752s] -- Detecting C compile features
[0.752s] -- Detecting C compile features - done
[0.755s] -- Check for working CXX compiler: /usr/bin/c++
[0.906s] -- Check for working CXX compiler: /usr/bin/c++ -- works
[0.907s] -- Detecting CXX compiler ABI info
[1.043s] -- Detecting CXX compiler ABI info - done
[1.060s] -- Detecting CXX compile features
[1.060s] -- Detecting CXX compile features - done
[1.061s] -- Found ament_cmake: 0.9.11 (/opt/ros/foxy/share/ament_cmake/cmake)
[1.097s] -- Found PythonInterp: /usr/bin/python3 (found suitable version "3.8.10", minimum required is "3") 
[1.097s] -- Using PYTHON_EXECUTABLE: /usr/bin/python3
[1.332s] -- Override CMake install command with custom implementation using symlinks instead of copying resources
[1.428s] -- Found rclcpp: 2.4.2 (/opt/ros/foxy/share/rclcpp/cmake)
[1.511s] -- Using all available rosidl_typesupport_c: rosidl_typesupport_fastrtps_c;rosidl_typesupport_introspection_c
[1.528s] -- Found rosidl_adapter: 1.3.0 (/opt/ros/foxy/share/rosidl_adapter/cmake)
[1.695s] -- Found OpenSSL: /usr/lib/x86_64-linux-gnu/libcrypto.so (found version "1.1.1f")  
[1.729s] -- Found FastRTPS: /opt/ros/foxy/include  
[1.871s] -- Using all available rosidl_typesupport_cpp: rosidl_typesupport_fastrtps_cpp;rosidl_typesupport_introspection_cpp
[1.981s] -- Found rmw_implementation_cmake: 1.0.3 (/opt/ros/foxy/share/rmw_implementation_cmake/cmake)
[1.986s] -- Using RMW implementation 'rmw_fastrtps_cpp' as default
[1.989s] -- Looking for pthread.h
[2.138s] -- Looking for pthread.h - found
[2.140s] -- Performing Test CMAKE_HAVE_LIBC_PTHREAD
[2.262s] -- Performing Test CMAKE_HAVE_LIBC_PTHREAD - Failed
[2.262s] -- Looking for pthread_create in pthreads
[2.384s] -- Looking for pthread_create in pthreads - not found
[2.384s] -- Looking for pthread_create in pthread
[2.540s] -- Looking for pthread_create in pthread - found
[2.542s] -- Found Threads: TRUE  
[2.856s] -- Found geometry_msgs: 2.0.5 (/opt/ros/foxy/share/geometry_msgs/cmake)
[2.922s] -- Found visualization_msgs: 2.0.5 (/opt/ros/foxy/share/visualization_msgs/cmake)
[3.031s] -- Found diagnostic_updater: 2.0.8 (/opt/ros/foxy/share/diagnostic_updater/cmake)
[3.203s] -- Found ament_lint_auto: 0.9.7 (/opt/ros/foxy/share/ament_lint_auto/cmake)
[3.347s] -- Found python_cmake_module: 0.8.1 (/opt/ros/foxy/share/python_cmake_module/cmake)
[3.384s] -- Found PythonInterp: /usr/bin/python3 (found suitable version "3.8.10", minimum required is "3.5") 
[3.384s] -- Found PythonLibs: /usr/lib/x86_64-linux-gnu/libpython3.8.so (found suitable version "3.8.10", minimum required is "3.5") 
[3.384s] -- Using PYTHON_EXECUTABLE: /usr/bin/python3
[3.384s] -- Using PYTHON_INCLUDE_DIRS: /usr/include/python3.8
[3.385s] -- Using PYTHON_LIBRARIES: /usr/lib/x86_64-linux-gnu/libpython3.8.so
[3.414s] -- Found PythonExtra: .so  
[3.435s] -- Added test 'xmllint' to check XML markup files
[3.436s] -- Added test 'copyright' to check source files copyright and LICENSE
[3.442s] -- Added test 'cppcheck' to perform static code analysis on C / C++ code
[3.442s] -- Configured cppcheck include dirs: /home/raul/bookros2_ws/src/ThirdParty/twist_mux/include
[3.443s] -- Configured cppcheck exclude dirs and/or files: 
[3.448s] -- Added test 'cpplint' to check C / C++ code against the Google style
[3.448s] -- Configured cpplint exclude dirs and/or files: 
[3.450s] -- Added test 'flake8' to check Python code syntax and style conventions
[3.453s] -- Added test 'lint_cmake' to check CMake code style
[3.454s] -- Added test 'pep257' to check Python code against some of the style conventions in PEP 257
[3.460s] -- Added test 'uncrustify' to check C / C++ code style
[3.461s] -- Configured uncrustify additional arguments: 
[3.469s] -- Configuring done
[3.533s] -- Generating done
[3.536s] -- Build files have been written to: /home/raul/bookros2_ws/build/twist_mux
[3.552s] Invoked command in '/home/raul/bookros2_ws/build/twist_mux' returned '0': CMAKE_PREFIX_PATH=/opt/ros/foxy /usr/bin/cmake /home/raul/bookros2_ws/src/ThirdParty/twist_mux -DAMENT_CMAKE_SYMLINK_INSTALL=1 -DCMAKE_INSTALL_PREFIX=/home/raul/bookros2_ws/install/twist_mux
[3.553s] Invoking command in '/home/raul/bookros2_ws/build/twist_mux': CMAKE_PREFIX_PATH=/opt/ros/foxy /usr/bin/cmake --build /home/raul/bookros2_ws/build/twist_mux -- -j8 -l8
[3.653s] [35m[1mScanning dependencies of target twist_marker[0m
[3.660s] [35m[1mScanning dependencies of target twist_mux[0m
[3.849s] [ 16%] [32mBuilding CXX object CMakeFiles/twist_mux.dir/src/twist_mux_node.cpp.o[0m
[3.860s] [ 33%] [32mBuilding CXX object CMakeFiles/twist_mux.dir/src/twist_mux.cpp.o[0m
[3.866s] [ 50%] [32mBuilding CXX object CMakeFiles/twist_marker.dir/src/twist_marker.cpp.o[0m
[3.875s] [ 66%] [32mBuilding CXX object CMakeFiles/twist_mux.dir/src/twist_mux_diagnostics.cpp.o[0m
[101.999s] [01m[Kc++:[m[K [01;31m[Kfatal error: [m[KKilled signal terminated program cc1plus
[101.999s] compilation terminated.
[102.010s] make[2]: *** [CMakeFiles/twist_mux.dir/build.make:63: CMakeFiles/twist_mux.dir/src/twist_mux.cpp.o] Error 1
[102.012s] make[2]: *** Waiting for unfinished jobs....
[108.766s] make[1]: *** [CMakeFiles/Makefile2:107: CMakeFiles/twist_mux.dir/all] Error 2
[108.767s] make[1]: *** Waiting for unfinished jobs....
[109.136s] [ 83%] [32m[1mLinking CXX executable twist_marker[0m
[109.659s] [ 83%] Built target twist_marker
[109.664s] make: *** [Makefile:141: all] Error 2
[109.689s] Invoked command in '/home/raul/bookros2_ws/build/twist_mux' returned '2': CMAKE_PREFIX_PATH=/opt/ros/foxy /usr/bin/cmake --build /home/raul/bookros2_ws/build/twist_mux -- -j8 -l8
